[myagar.pro/web/index.html]
[cdn.jsdelivr.net/npm/bootstrap@4.5.3/dist/css/bootstrap.min.css]
[myagar.pro/web/css/style.css]
[backblue.gif]
[fade.gif]
[index.html]
[myagar.pro/web/css/bootstrap-colorpicker.min.css]
[code.jquery.com/jquery-latest.min.js]
[cdn.jsdelivr.net/npm/popper.js@1.16.1/dist/umd/popper.min.js]
[cdn.jsdelivr.net/npm/bootstrap@4.5.3/dist/js/bootstrap.min.js]
[cdn.socket.io/socket.io-1.3.5.js]
[cdn.jsdelivr.net/npm/sweetalert2@8/dist/sweetalert2.min.js]
[apis.google.com/js/platform7a7d.js]
[myagar.pro/web/image/profile/noskin.png]
[myagar.pro_7777/images/approved/event1.png]
[myagar.pro_7777/images/approved/event2.png]
[myagar.pro_7777/images/approved/event3.png]
[api.adinplay.com/libs/aiptag/pub/MGR/myagar.pro/tag.min.js]
[myagar.pro_7777/images/approved/event4.png]
[myagar.pro_7777/images/approved/event5.png]
[myagar.pro_7777/images/approved/event6.png]
[myagar.pro_7777/images/approved/event7.png]
[myagar.pro_7777/images/approved/event8.png]
[myagar.pro_7777/images/approved/event9.png]
[configs-web.agario.miniclippt.com/live/v15/10021/Horrorscope_Cancer.png]
[configs-web.agario.miniclippt.com/live/v15/10021/titan_giant_spider.png]
[configs-web.agario.miniclippt.com/live/v15/10021/Skullpio.png]
[configs-web.agario.miniclippt.com/live/v15/10021/Predator_Cobra.png]
[configs-web.agario.miniclippt.com/live/v15/10021/tms_forestspirit.png]
[configs-web.agario.miniclippt.com/live/v15/10021/Horrorscope_Taurus.png]
[configs-web.agario.miniclippt.com/live/v15/10021/astral_deer.png]
[configs-web.agario.miniclippt.com/live/v15/10021/Gryphon_Boss.png]
[configs-web.agario.miniclippt.com/live/v15/10021/Fury_Bird.png]
[configs-web.agario.miniclippt.com/live/v15/10021/titan_giant_snake.png]
[configs-web.agario.miniclippt.com/live/v15/10021/Predator_BaldEagle.png]
[configs-web.agario.miniclippt.com/live/v15/10021/GreyFang.png]
[configs-web.agario.miniclippt.com/live/v15/10021/BlackPanther.png]
[configs-web.agario.miniclippt.com/live/v15/10021/jungle_tiger.png]
[configs-web.agario.miniclippt.com/live/v15/10021/Predator_Lion.png]
[configs-web.agario.miniclippt.com/live/v15/10021/Predator_Great_White.png]
[configs-web.agario.miniclippt.com/live/v15/10021/River_Crocodile.png]
[configs-web.agario.miniclippt.com/live/v15/10021/titan_dragon_god.png]
[configs-web.agario.miniclippt.com/live/v15/10021/KillerOctopus.png]
[configs-web.agario.miniclippt.com/live/v15/10021/Predator_Gorilla.png]
[myagar.pro/skins/noskin.png]
[configs-web.agario.miniclippt.com/live/v15/10021/Zapnaut.png]
[www.google.com/recaptcha/api85f1.js]
[myagar.pro/web/js/bootstrap-colorpicker.min.js]
[myagar.pro/web/js/newcore.js]
[myagar.pro/web/js/main.js]
[myagar.pro/web/index.html]
[fonts.googleapis.com/css2b730.css]
[cdn.jsdelivr.net/npm/bootstrap@4.5.3/dist/css/bootstrap.min.css]
[www.flaticon.com/svg/static/icons/svg/1828/1828491.svg]
[www.flaticon.com/svg/static/icons/svg/616/616490.svg]
[www.flaticon.com/svg/static/icons/svg/1484/1484879.svg]
[www.flaticon.com/svg/static/icons/svg/3473/3473515.svg]
[www.flaticon.com/svg/static/icons/svg/3571/3571829.svg]
[www.flaticon.com/svg/static/icons/svg/891/891441.svg]
[www.flaticon.com/svg/static/icons/svg/3737/3737335.svg]
[myagar.pro/web/image/abilities/virus.png]
[myagar.pro/web/image/abilities/speed.png]
[myagar.pro/web/image/abilities/freeze.png]
[myagar.pro/web/image/abilities/merge.png]
[myagar.pro/web/image/abilities/explode.png]
[myagar.pro/web/image/abilities/zombie.png]
[myagar.pro/web/image/abilities/plus.png]
[myagar.pro/web/image/abilities/feeder.png]
[myagar.pro/web/image/abilities/teleport.png]
[myagar.pro/web/image/abilities/mothercell.png]
[myagar.pro/web/image/abilities/magnet.png]
[myagar.pro/web/image/nickshadow1.png]
[myagar.pro/web/css/style.css]
[myagar.pro/web/css/bootstrap-colorpicker.min.css]
[www.flaticon.com/svg/static/icons/svg/1828/1828491.svg]
[www.flaticon.com/svg/static/icons/svg/616/616490.svg]
[www.flaticon.com/svg/static/icons/svg/1484/1484879.svg]
[www.flaticon.com/svg/static/icons/svg/3473/3473515.svg]
[www.flaticon.com/svg/static/icons/svg/3571/3571829.svg]
[www.flaticon.com/svg/static/icons/svg/891/891441.svg]
[www.flaticon.com/svg/static/icons/svg/3737/3737335.svg]
